[0mCompiling "app/dev/js/front.js" from ["src_front" "src_front_profile/app_front/dev"]...
notifying browser that file changed:  app/dev/js/front.js
notifying browser that file changed:  app/dev/js/out/goog/deps.js
notifying browser that file changed:  out/app_front/core.js
[32mSuccessfully compiled "app/dev/js/front.js" in 1.312 seconds.[0m
[0mCompiling "app/dev/js/front.js" from ["src_front" "src_front_profile/app_front/dev"]...
notifying browser that file changed:  out/app_front/core.js
[32mSuccessfully compiled "app/dev/js/front.js" in 0.188 seconds.[0m
[0mCompiling "app/dev/js/front.js" from ["src_front" "src_front_profile/app_front/dev"]...
notifying browser that file changed:  out/app_front/core.js
[32mSuccessfully compiled "app/dev/js/front.js" in 0.157 seconds.[0m
[0mCompiling "app/dev/js/front.js" from ["src_front" "src_front_profile/app_front/dev"]...
notifying browser that file changed:  out/app_front/core.js
[32mSuccessfully compiled "app/dev/js/front.js" in 0.171 seconds.[0m
[0mCompiling "app/dev/js/front.js" from ["src_front" "src_front_profile/app_front/dev"]...
[31mCompiling "app/dev/js/front.js" failed.
[0mERROR: EOF while reading, starting at line 5 and column 1 on file /home/ykgoon/Dropbox/workspace/xecle/src_front/app_front/core.cljs, line 15, column 1
[32mSuccessfully compiled "app/dev/js/front.js" in 0.106 seconds.[0m
[0mCompiling "app/dev/js/front.js" from ["src_front" "src_front_profile/app_front/dev"]...
[31mCompiling "app/dev/js/front.js" failed.
[0mERROR: EOF while reading, starting at line 5 and column 1 on file /home/ykgoon/Dropbox/workspace/xecle/src_front/app_front/core.cljs, line 15, column 1
[32mSuccessfully compiled "app/dev/js/front.js" in 0.089 seconds.[0m
[0mCompiling "app/dev/js/front.js" from ["src_front" "src_front_profile/app_front/dev"]...
[31mCompiling "app/dev/js/front.js" failed.
[0mERROR: EOF while reading, starting at line 5 and column 1 on file /home/ykgoon/Dropbox/workspace/xecle/src_front/app_front/core.cljs, line 16, column 1
[32mSuccessfully compiled "app/dev/js/front.js" in 0.076 seconds.[0m
[0mCompiling "app/dev/js/front.js" from ["src_front" "src_front_profile/app_front/dev"]...
[31mCompiling "app/dev/js/front.js" failed.
[0mERROR: EOF while reading, starting at line 5 and column 1 on file /home/ykgoon/Dropbox/workspace/xecle/src_front/app_front/core.cljs, line 16, column 1
[32mSuccessfully compiled "app/dev/js/front.js" in 0.098 seconds.[0m
[0mCompiling "app/dev/js/front.js" from ["src_front" "src_front_profile/app_front/dev"]...
[31mCompiling "app/dev/js/front.js" failed.
[0mERROR: EOF while reading, starting at line 5 and column 1 on file /home/ykgoon/Dropbox/workspace/xecle/src_front/app_front/core.cljs, line 16, column 1
[32mSuccessfully compiled "app/dev/js/front.js" in 0.143 seconds.[0m
[0mCompiling "app/dev/js/front.js" from ["src_front" "src_front_profile/app_front/dev"]...
notifying browser that file changed:  app/dev/js/front.js
notifying browser that file changed:  app/dev/js/out/goog/deps.js
notifying browser that file changed:  out/app_front/core.js
[32mSuccessfully compiled "app/dev/js/front.js" in 0.948 seconds.[0m
[0mCompiling "app/dev/js/front.js" from ["src_front" "src_front_profile/app_front/dev"]...
notifying browser that file changed:  out/app_front/core.js
[32mSuccessfully compiled "app/dev/js/front.js" in 0.17 seconds.[0m
[0mCompiling "app/dev/js/front.js" from ["src_front" "src_front_profile/app_front/dev"]...
[31mCompiling "app/dev/js/front.js" failed.
[0mERROR: Unmatched delimiter ) on file /home/ykgoon/Dropbox/workspace/xecle/src_front/app_front/core.cljs, line 12, column 36
[32mSuccessfully compiled "app/dev/js/front.js" in 0.09 seconds.[0m
[0mCompiling "app/dev/js/front.js" from ["src_front" "src_front_profile/app_front/dev"]...
[31mCompiling "app/dev/js/front.js" failed.
[0mERROR: Unmatched delimiter ) on file /home/ykgoon/Dropbox/workspace/xecle/src_front/app_front/core.cljs, line 12, column 41
[32mSuccessfully compiled "app/dev/js/front.js" in 0.089 seconds.[0m
[0mCompiling "app/dev/js/front.js" from ["src_front" "src_front_profile/app_front/dev"]...
[31mCompiling "app/dev/js/front.js" failed.
[0mERROR: Unmatched delimiter ) on file /home/ykgoon/Dropbox/workspace/xecle/src_front/app_front/core.cljs, line 12, column 41
[32mSuccessfully compiled "app/dev/js/front.js" in 0.077 seconds.[0m
[0mCompiling "app/dev/js/front.js" from ["src_front" "src_front_profile/app_front/dev"]...
[31mCompiling "app/dev/js/front.js" failed.
[0mERROR: Unmatched delimiter ) on file /home/ykgoon/Dropbox/workspace/xecle/src_front/app_front/core.cljs, line 12, column 41
[32mSuccessfully compiled "app/dev/js/front.js" in 0.077 seconds.[0m
[0mCompiling "app/dev/js/front.js" from ["src_front" "src_front_profile/app_front/dev"]...
notifying browser that file changed:  out/app_front/core.js
[32mSuccessfully compiled "app/dev/js/front.js" in 0.158 seconds.[0m
[0mCompiling "app/dev/js/front.js" from ["src_front" "src_front_profile/app_front/dev"]...
notifying browser that file changed:  out/app_front/core.js
[32mSuccessfully compiled "app/dev/js/front.js" in 0.2 seconds.[0m
[0mCompiling "app/dev/js/front.js" from ["src_front" "src_front_profile/app_front/dev"]...
WARNING: Use of undeclared Var app-front.core/Handsontable at line 7 /home/ykgoon/Dropbox/workspace/xecle/src_front/app_front/core.cljs
notifying browser that file changed:  out/app_front/core.js
[32mSuccessfully compiled "app/dev/js/front.js" in 0.175 seconds.[0m
[0mCompiling "app/dev/js/front.js" from ["src_front" "src_front_profile/app_front/dev"]...
WARNING: Use of undeclared Var app-front.core/Handsontable at line 11 /home/ykgoon/Dropbox/workspace/xecle/src_front/app_front/core.cljs
notifying browser that file changed:  out/app_front/core.js
[32mSuccessfully compiled "app/dev/js/front.js" in 0.173 seconds.[0m
[0mCompiling "app/dev/js/front.js" from ["src_front" "src_front_profile/app_front/dev"]...
notifying browser that file changed:  out/app_front/core.js
[32mSuccessfully compiled "app/dev/js/front.js" in 0.142 seconds.[0m
[0mCompiling "app/dev/js/front.js" from ["src_front" "src_front_profile/app_front/dev"]...
notifying browser that file changed:  out/app_front/core.js
[32mSuccessfully compiled "app/dev/js/front.js" in 0.142 seconds.[0m
[0mCompiling "app/dev/js/front.js" from ["src_front" "src_front_profile/app_front/dev"]...
notifying browser that file changed:  out/app_front/core.js
[32mSuccessfully compiled "app/dev/js/front.js" in 0.145 seconds.[0m
[0mCompiling "app/dev/js/front.js" from ["src_front" "src_front_profile/app_front/dev"]...
notifying browser that file changed:  out/app_front/core.js
[32mSuccessfully compiled "app/dev/js/front.js" in 0.145 seconds.[0m
[0mCompiling "app/dev/js/front.js" from ["src_front" "src_front_profile/app_front/dev"]...
notifying browser that file changed:  out/app_front/core.js
[32mSuccessfully compiled "app/dev/js/front.js" in 0.142 seconds.[0m
[0mCompiling "app/dev/js/front.js" from ["src_front" "src_front_profile/app_front/dev"]...
notifying browser that file changed:  out/app_front/core.js
[32mSuccessfully compiled "app/dev/js/front.js" in 0.179 seconds.[0m
[0mCompiling "app/dev/js/front.js" from ["src_front" "src_front_profile/app_front/dev"]...
notifying browser that file changed:  out/app_front/core.js
[32mSuccessfully compiled "app/dev/js/front.js" in 0.132 seconds.[0m
[0mCompiling "app/dev/js/front.js" from ["src_front" "src_front_profile/app_front/dev"]...
notifying browser that file changed:  out/app_front/core.js
[32mSuccessfully compiled "app/dev/js/front.js" in 0.119 seconds.[0m
[0mCompiling "app/dev/js/front.js" from ["src_front" "src_front_profile/app_front/dev"]...
notifying browser that file changed:  out/app_front/core.js
[32mSuccessfully compiled "app/dev/js/front.js" in 0.131 seconds.[0m
[0mCompiling "app/dev/js/front.js" from ["src_front" "src_front_profile/app_front/dev"]...
[31mCompiling "app/dev/js/front.js" failed.
[0mANALYSIS ERROR: Unknown dot form of (. js/Handsontable nil nil) with classification [:cljs.analyzer/expr :cljs.analyzer/error ()] at line 11 /home/ykgoon/Dropbox/workspace/xecle/src_front/app_front/core.cljs on file /home/ykgoon/Dropbox/workspace/xecle/src_front/app_front/core.cljs, line 11, column 6
[32mSuccessfully compiled "app/dev/js/front.js" in 0.085 seconds.[0m
[0mCompiling "app/dev/js/front.js" from ["src_front" "src_front_profile/app_front/dev"]...
notifying browser that file changed:  out/app_front/core.js
[32mSuccessfully compiled "app/dev/js/front.js" in 0.151 seconds.[0m
[0mCompiling "app/dev/js/front.js" from ["src_front" "src_front_profile/app_front/dev"]...
notifying browser that file changed:  out/app_front/core.js
[32mSuccessfully compiled "app/dev/js/front.js" in 0.131 seconds.[0m
[0mCompiling "app/dev/js/front.js" from ["src_front" "src_front_profile/app_front/dev"]...
notifying browser that file changed:  out/app_front/core.js
[32mSuccessfully compiled "app/dev/js/front.js" in 0.124 seconds.[0m
[0mCompiling "app/dev/js/front.js" from ["src_front" "src_front_profile/app_front/dev"]...
notifying browser that file changed:  out/app_front/core.js
[32mSuccessfully compiled "app/dev/js/front.js" in 0.158 seconds.[0m
[0mCompiling "app/dev/js/front.js" from ["src_front" "src_front_profile/app_front/dev"]...
notifying browser that file changed:  app/dev/js/front.js
notifying browser that file changed:  app/dev/js/out/goog/deps.js
notifying browser that file changed:  out/app_front/core.js
[32mSuccessfully compiled "app/dev/js/front.js" in 0.425 seconds.[0m
[0mCompiling "app/dev/js/front.js" from ["src_front" "src_front_profile/app_front/dev"]...
WARNING: Use of undeclared Var app-front.core/handsontable at line 12 src_front/app_front/core.cljs
notifying browser that file changed:  out/app_front/core.js
[32mSuccessfully compiled "app/dev/js/front.js" in 0.223 seconds.[0m
[0mCompiling "app/dev/js/front.js" from ["src_front" "src_front_profile/app_front/dev"]...
[31mCompiling "app/dev/js/front.js" failed.
[0mANALYSIS ERROR: No such namespace: as, could not locate as.cljs, as.cljc, or Closure namespace "as" in file src_front/app_front/core.cljs on file null, line null, column null
[32mSuccessfully compiled "app/dev/js/front.js" in 0.104 seconds.[0m
[0mCompiling "app/dev/js/front.js" from ["src_front" "src_front_profile/app_front/dev"]...
[31mCompiling "app/dev/js/front.js" failed.
[0mclojure.lang.ExceptionInfo: Only [lib.ns & options] and lib.ns specs supported in :require / :require-macros; offending spec: :as at line 1 src_front/app_front/core.cljs
 at clojure.core$ex_info.invoke (core.clj:4593)
    cljs.analyzer$error.invoke (analyzer.cljc:576)
    cljs.analyzer$error.invoke (analyzer.cljc:574)
    cljs.analyzer$basic_validate_ns_spec.invoke (analyzer.cljc:1699)
    cljs.analyzer$parse_require_spec.invoke (analyzer.cljc:1751)
    clojure.lang.AFn.applyToHelper (AFn.java:171)
    clojure.lang.AFn.applyTo (AFn.java:144)
    clojure.core$apply.invoke (core.clj:636)
    clojure.core$partial$fn__4533.doInvoke (core.clj:2512)
    clojure.lang.RestFn.invoke (RestFn.java:408)
    clojure.core$map$fn__4553.invoke (core.clj:2624)
    clojure.lang.LazySeq.sval (LazySeq.java:40)
    clojure.lang.LazySeq.seq (LazySeq.java:49)
    clojure.lang.Cons.next (Cons.java:39)
    clojure.lang.RT.next (RT.java:674)
    clojure.core/next (core.clj:64)
    clojure.core$reduce1.invoke (core.clj:909)
    clojure.core$reduce1.invoke (core.clj:900)
    clojure.core$merge_with.doInvoke (core.clj:2936)
    clojure.lang.RestFn.applyTo (RestFn.java:139)
    clojure.core$apply.invoke (core.clj:634)
    cljs.analyzer$eval1756$fn__1758$fn__1763.invoke (analyzer.cljc:1938)
    clojure.core.protocols/fn (protocols.clj:167)
    clojure.core.protocols$fn__6478$G__6473__6487.invoke (protocols.clj:19)
    clojure.core.protocols$seq_reduce.invoke (protocols.clj:31)
    clojure.core.protocols/fn (protocols.clj:101)
    clojure.core.protocols$fn__6452$G__6447__6465.invoke (protocols.clj:13)
    clojure.core$reduce.invoke (core.clj:6519)
    cljs.analyzer$eval1756$fn__1758.invoke (analyzer.cljc:1921)
    clojure.lang.MultiFn.invoke (MultiFn.java:251)
[32mSuccessfully compiled "app/dev/js/front.js" in 0.031 seconds.[0m
[0mCompiling "app/dev/js/front.js" from ["src_front" "src_front_profile/app_front/dev"]...
[31mCompiling "app/dev/js/front.js" failed.
[0mclojure.lang.ExceptionInfo: Only [lib.ns & options] and lib.ns specs supported in :require / :require-macros; offending spec: :as at line 1 src_front/app_front/core.cljs
 at clojure.core$ex_info.invoke (core.clj:4593)
    cljs.analyzer$error.invoke (analyzer.cljc:576)
    cljs.analyzer$error.invoke (analyzer.cljc:574)
    cljs.analyzer$basic_validate_ns_spec.invoke (analyzer.cljc:1699)
    cljs.analyzer$parse_require_spec.invoke (analyzer.cljc:1751)
    clojure.lang.AFn.applyToHelper (AFn.java:171)
    clojure.lang.AFn.applyTo (AFn.java:144)
    clojure.core$apply.invoke (core.clj:636)
    clojure.core$partial$fn__4533.doInvoke (core.clj:2512)
    clojure.lang.RestFn.invoke (RestFn.java:408)
    clojure.core$map$fn__4553.invoke (core.clj:2624)
    clojure.lang.LazySeq.sval (LazySeq.java:40)
    clojure.lang.LazySeq.seq (LazySeq.java:49)
    clojure.lang.Cons.next (Cons.java:39)
    clojure.lang.RT.next (RT.java:674)
    clojure.core/next (core.clj:64)
    clojure.core$reduce1.invoke (core.clj:909)
    clojure.core$reduce1.invoke (core.clj:900)
    clojure.core$merge_with.doInvoke (core.clj:2936)
    clojure.lang.RestFn.applyTo (RestFn.java:139)
    clojure.core$apply.invoke (core.clj:634)
    cljs.analyzer$eval1756$fn__1758$fn__1763.invoke (analyzer.cljc:1938)
    clojure.core.protocols/fn (protocols.clj:167)
    clojure.core.protocols$fn__6478$G__6473__6487.invoke (protocols.clj:19)
    clojure.core.protocols$seq_reduce.invoke (protocols.clj:31)
    clojure.core.protocols/fn (protocols.clj:101)
    clojure.core.protocols$fn__6452$G__6447__6465.invoke (protocols.clj:13)
    clojure.core$reduce.invoke (core.clj:6519)
    cljs.analyzer$eval1756$fn__1758.invoke (analyzer.cljc:1921)
    clojure.lang.MultiFn.invoke (MultiFn.java:251)
[32mSuccessfully compiled "app/dev/js/front.js" in 0.025 seconds.[0m
[0mCompiling "app/dev/js/front.js" from ["src_front" "src_front_profile/app_front/dev"]...
notifying browser that file changed:  out/app_front/core.js
[32mSuccessfully compiled "app/dev/js/front.js" in 0.141 seconds.[0m
[0mCompiling "app/dev/js/front.js" from ["src_front" "src_front_profile/app_front/dev"]...
notifying browser that file changed:  out/app_front/core.js
[32mSuccessfully compiled "app/dev/js/front.js" in 0.162 seconds.[0m
[0mCompiling "app/dev/js/front.js" from ["src_front" "src_front_profile/app_front/dev"]...
notifying browser that file changed:  out/app_front/core.js
[32mSuccessfully compiled "app/dev/js/front.js" in 0.142 seconds.[0m
[0mCompiling "app/dev/js/front.js" from ["src_front" "src_front_profile/app_front/dev"]...
WARNING: Use of undeclared Var app-front.core/handsontable at line 12 src_front/app_front/core.cljs
notifying browser that file changed:  out/app_front/core.js
[32mSuccessfully compiled "app/dev/js/front.js" in 0.17 seconds.[0m
[0mCompiling "app/dev/js/front.js" from ["src_front" "src_front_profile/app_front/dev"]...
notifying browser that file changed:  out/app_front/core.js
[32mSuccessfully compiled "app/dev/js/front.js" in 0.127 seconds.[0m
[0mCompiling "app/dev/js/front.js" from ["src_front" "src_front_profile/app_front/dev"]...
notifying browser that file changed:  out/app_front/core.js
[32mSuccessfully compiled "app/dev/js/front.js" in 0.14 seconds.[0m
[0mCompiling "app/dev/js/front.js" from ["src_front" "src_front_profile/app_front/dev"]...
notifying browser that file changed:  out/app_front/core.js
[32mSuccessfully compiled "app/dev/js/front.js" in 0.16 seconds.[0m
[0mCompiling "app/dev/js/front.js" from ["src_front" "src_front_profile/app_front/dev"]...
notifying browser that file changed:  out/app_front/core.js
[32mSuccessfully compiled "app/dev/js/front.js" in 0.148 seconds.[0m
[0mCompiling "app/dev/js/front.js" from ["src_front" "src_front_profile/app_front/dev"]...
notifying browser that file changed:  out/app_front/core.js
[32mSuccessfully compiled "app/dev/js/front.js" in 0.14 seconds.[0m
[0mCompiling "app/dev/js/front.js" from ["src_front" "src_front_profile/app_front/dev"]...
WARNING: No such namespace: cljsjs, could not locate cljsjs.cljs, cljsjs.cljc, or Closure namespace "" at line 12 src_front/app_front/core.cljs
WARNING: Use of undeclared Var cljsjs/handsontable at line 12 src_front/app_front/core.cljs
notifying browser that file changed:  out/app_front/core.js
[32mSuccessfully compiled "app/dev/js/front.js" in 0.173 seconds.[0m
[0mCompiling "app/dev/js/front.js" from ["src_front" "src_front_profile/app_front/dev"]...
WARNING: Use of undeclared Var app-front.core/handsontable at line 12 src_front/app_front/core.cljs
notifying browser that file changed:  out/app_front/core.js
[32mSuccessfully compiled "app/dev/js/front.js" in 0.176 seconds.[0m
[0mCompiling "app/dev/js/front.js" from ["src_front" "src_front_profile/app_front/dev"]...
notifying browser that file changed:  out/app_front/core.js
[32mSuccessfully compiled "app/dev/js/front.js" in 0.15 seconds.[0m
[0mCompiling "app/dev/js/front.js" from ["src_front" "src_front_profile/app_front/dev"]...
notifying browser that file changed:  out/app_front/core.js
[32mSuccessfully compiled "app/dev/js/front.js" in 0.164 seconds.[0m
[0mCompiling "app/dev/js/front.js" from ["src_front" "src_front_profile/app_front/dev"]...
notifying browser that file changed:  out/app_front/core.js
[32mSuccessfully compiled "app/dev/js/front.js" in 0.162 seconds.[0m
